<?xml version="1.0" encoding="UTF-8"?>
<!-- Generated by org.testng.reporters.JUnitReportReporter -->
<testsuite name="org.testing.testcases.TC03_GetAllReq" tests="1" time="0.060" ignored="0" failures="0" timestamp="04 Jul 2021 12:09:43 GMT" skipped="0" hostname="LAPTOP-1Q2K33P0" errors="0">
  <testcase name="thirdTestCase" time="0.060" classname="org.testing.testcases.TC03_GetAllReq"/>
</testsuite> <!-- org.testing.testcases.TC03_GetAllReq -->
