<?xml version="1.0" encoding="UTF-8"?>
<!-- Generated by org.testng.reporters.JUnitReportReporter -->
<testsuite name="org.testing.testcases.TC09_PutReq_req" tests="1" time="1.209" ignored="0" failures="0" timestamp="04 Jul 2021 12:09:43 GMT" skipped="0" hostname="LAPTOP-1Q2K33P0" errors="0">
  <testcase name="ninethTestCase" time="1.209" classname="org.testing.testcases.TC09_PutReq_req"/>
</testsuite> <!-- org.testing.testcases.TC09_PutReq_req -->
