<?xml version="1.0" encoding="UTF-8"?>
<!-- Generated by org.testng.reporters.JUnitReportReporter -->
<testsuite name="org.testing.testcases.TC03_PutReq" tests="1" time="0.069" ignored="0" failures="0" timestamp="02 Jul 2021 10:33:11 GMT" skipped="0" hostname="LAPTOP-1Q2K33P0" errors="0">
  <testcase name="thirdTestCase" time="0.069" classname="org.testing.testcases.TC03_PutReq"/>
</testsuite> <!-- org.testing.testcases.TC03_PutReq -->
