<?xml version="1.0" encoding="UTF-8"?>
<!-- Generated by org.testng.reporters.JUnitReportReporter -->
<testsuite name="org.testing.testcases.TC06_PostReq_Req" tests="1" time="1.448" ignored="0" failures="0" timestamp="16 Jul 2021 03:36:26 GMT" skipped="0" hostname="LAPTOP-1Q2K33P0" errors="0">
  <testcase name="sixthTestCase" time="1.448" classname="org.testing.testcases.TC06_PostReq_Req"/>
</testsuite> <!-- org.testing.testcases.TC06_PostReq_Req -->
