<?xml version="1.0" encoding="UTF-8"?>
<!-- Generated by org.testng.reporters.JUnitReportReporter -->
<testsuite name="org.testing.testcases.TC06_PostReqReq" tests="1" time="3.470" ignored="0" failures="0" timestamp="02 Jul 2021 11:50:48 GMT" skipped="0" hostname="LAPTOP-1Q2K33P0" errors="0">
  <testcase name="sixthTestCase" time="3.470" classname="org.testing.testcases.TC06_PostReqReq"/>
</testsuite> <!-- org.testing.testcases.TC06_PostReqReq -->
