<?xml version="1.0" encoding="UTF-8"?>
<!-- Generated by org.testng.reporters.JUnitReportReporter -->
<testsuite name="org.testing.testcases.TC04_DeleteReq" tests="1" time="0.054" ignored="0" failures="0" timestamp="02 Jul 2021 10:33:11 GMT" skipped="0" hostname="LAPTOP-1Q2K33P0" errors="0">
  <testcase name="fourthTestCase" time="0.054" classname="org.testing.testcases.TC04_DeleteReq"/>
</testsuite> <!-- org.testing.testcases.TC04_DeleteReq -->
